This file contains any messages produced by compilers while
running configure, to aid debugging if configure makes a mistake.

It was created by gedit configure 2.30.4, which was
generated by GNU Autoconf 2.66.  Invocation command line was

  $ ./configure --disable-scrollkeeper --enable-python

## --------- ##
## Platform. ##
## --------- ##

hostname = optiplex3020
uname -m = x86_64
uname -r = 4.9.60-1-MANJARO
uname -s = Linux
uname -v = #1 SMP PREEMPT Thu Nov 2 13:08:20 UTC 2017

/usr/bin/uname -p = unknown
/bin/uname -X     = unknown

/bin/arch              = unknown
/usr/bin/arch -k       = unknown
/usr/convex/getsysinfo = unknown
/usr/bin/hostinfo      = unknown
/bin/machine           = unknown
/usr/bin/oslevel       = unknown
/bin/universe          = unknown

PATH: /usr/local/sbin
PATH: /usr/local/bin
PATH: /usr/bin
PATH: /usr/lib/jvm/default/bin
PATH: /usr/bin/site_perl
PATH: /usr/bin/vendor_perl
PATH: /usr/bin/core_perl


## ----------- ##
## Core tests. ##
## ----------- ##

configure:2527: checking for a BSD-compatible install
configure:2595: result: /usr/bin/install -c
configure:2606: checking whether build environment is sane
configure:2656: result: yes
configure:2797: checking for a thread-safe mkdir -p
configure:2836: result: /usr/bin/mkdir -p
configure:2849: checking for gawk
configure:2865: found /usr/bin/gawk
configure:2876: result: gawk
configure:2887: checking whether make sets $(MAKE)
configure:2909: result: yes
configure:2990: checking whether to enable maintainer-specific portions of Makefiles
configure:2999: result: no
configure:3074: checking for gcc
configure:3090: found /usr/bin/gcc
configure:3101: result: gcc
configure:3330: checking for C compiler version
configure:3339: gcc --version >&5
gcc (GCC) 7.2.0
Copyright (C) 2017 Free Software Foundation, Inc.
This is free software; see the source for copying conditions.  There is NO
warranty; not even for MERCHANTABILITY or FITNESS FOR A PARTICULAR PURPOSE.

configure:3350: $? = 0
configure:3339: gcc -v >&5
Using built-in specs.
COLLECT_GCC=gcc
COLLECT_LTO_WRAPPER=/usr/lib/gcc/x86_64-pc-linux-gnu/7.2.0/lto-wrapper
Target: x86_64-pc-linux-gnu
Configured with: /build/gcc-multilib/src/gcc/configure --prefix=/usr --libdir=/usr/lib --libexecdir=/usr/lib --mandir=/usr/share/man --infodir=/usr/share/info --with-bugurl=https://bugs.archlinux.org/ --enable-languages=c,c++,ada,fortran,go,lto,objc,obj-c++ --enable-shared --enable-threads=posix --enable-libmpx --with-system-zlib --with-isl --enable-__cxa_atexit --disable-libunwind-exceptions --enable-clocale=gnu --disable-libstdcxx-pch --disable-libssp --enable-gnu-unique-object --enable-linker-build-id --enable-lto --enable-plugin --enable-install-libiberty --with-linker-hash-style=gnu --enable-gnu-indirect-function --enable-multilib --disable-werror --enable-checking=release --enable-default-pie --enable-default-ssp
Thread model: posix
gcc version 7.2.0 (GCC) 
configure:3350: $? = 0
configure:3339: gcc -V >&5
gcc: error: unrecognized command line option '-V'
gcc: fatal error: no input files
compilation terminated.
configure:3350: $? = 1
configure:3339: gcc -qversion >&5
gcc: error: unrecognized command line option '-qversion'; did you mean '--version'?
gcc: fatal error: no input files
compilation terminated.
configure:3350: $? = 1
configure:3370: checking whether the C compiler works
configure:3392: gcc    conftest.c  >&5
configure:3396: $? = 0
configure:3444: result: yes
configure:3447: checking for C compiler default output file name
configure:3449: result: a.out
configure:3455: checking for suffix of executables
configure:3462: gcc -o conftest    conftest.c  >&5
configure:3466: $? = 0
configure:3488: result: 
configure:3510: checking whether we are cross compiling
configure:3518: gcc -o conftest    conftest.c  >&5
configure:3522: $? = 0
configure:3529: ./conftest
configure:3533: $? = 0
configure:3548: result: no
configure:3553: checking for suffix of object files
configure:3575: gcc -c   conftest.c >&5
configure:3579: $? = 0
configure:3600: result: o
configure:3604: checking whether we are using the GNU C compiler
configure:3623: gcc -c   conftest.c >&5
configure:3623: $? = 0
configure:3632: result: yes
configure:3641: checking whether gcc accepts -g
configure:3661: gcc -c -g  conftest.c >&5
configure:3661: $? = 0
configure:3702: result: yes
configure:3719: checking for gcc option to accept ISO C89
configure:3783: gcc  -c -g -O2  conftest.c >&5
configure:3783: $? = 0
configure:3796: result: none needed
configure:3827: checking for style of include used by make
configure:3855: result: GNU
configure:3880: checking dependency style of gcc
configure:3990: result: gcc3
configure:4006: checking whether make sets $(MAKE)
configure:4028: result: yes
configure:4045: checking for special C compiler options needed for large files
configure:4090: result: no
configure:4096: checking for _FILE_OFFSET_BITS value needed for large files
configure:4121: gcc -c -g -O2  conftest.c >&5
configure:4121: $? = 0
configure:4153: result: no
configure:4289: checking for pkg-config
configure:4307: found /usr/bin/pkg-config
configure:4319: result: /usr/bin/pkg-config
configure:4344: checking pkg-config is at least version 0.9.0
configure:4347: result: yes
configure:4410: checking for gcc
configure:4426: found /usr/bin/gcc
configure:4437: result: gcc
configure:4462: checking for Objective C compiler version
configure:4471: gcc --version >&5
gcc (GCC) 7.2.0
Copyright (C) 2017 Free Software Foundation, Inc.
This is free software; see the source for copying conditions.  There is NO
warranty; not even for MERCHANTABILITY or FITNESS FOR A PARTICULAR PURPOSE.

configure:4482: $? = 0
configure:4471: gcc -v >&5
Using built-in specs.
COLLECT_GCC=gcc
COLLECT_LTO_WRAPPER=/usr/lib/gcc/x86_64-pc-linux-gnu/7.2.0/lto-wrapper
Target: x86_64-pc-linux-gnu
Configured with: /build/gcc-multilib/src/gcc/configure --prefix=/usr --libdir=/usr/lib --libexecdir=/usr/lib --mandir=/usr/share/man --infodir=/usr/share/info --with-bugurl=https://bugs.archlinux.org/ --enable-languages=c,c++,ada,fortran,go,lto,objc,obj-c++ --enable-shared --enable-threads=posix --enable-libmpx --with-system-zlib --with-isl --enable-__cxa_atexit --disable-libunwind-exceptions --enable-clocale=gnu --disable-libstdcxx-pch --disable-libssp --enable-gnu-unique-object --enable-linker-build-id --enable-lto --enable-plugin --enable-install-libiberty --with-linker-hash-style=gnu --enable-gnu-indirect-function --enable-multilib --disable-werror --enable-checking=release --enable-default-pie --enable-default-ssp
Thread model: posix
gcc version 7.2.0 (GCC) 
configure:4482: $? = 0
configure:4471: gcc -V >&5
gcc: error: unrecognized command line option '-V'
gcc: fatal error: no input files
compilation terminated.
configure:4482: $? = 1
configure:4471: gcc -qversion >&5
gcc: error: unrecognized command line option '-qversion'; did you mean '--version'?
gcc: fatal error: no input files
compilation terminated.
configure:4482: $? = 1
configure:4486: checking whether we are using the GNU Objective C compiler
configure:4505: gcc -c   conftest.m >&5
gcc: error trying to exec 'cc1obj': execvp: No such file or directory
configure:4505: $? = 1
configure: failed program was:
| /* confdefs.h */
| #define PACKAGE_NAME "gedit"
| #define PACKAGE_TARNAME "gedit"
| #define PACKAGE_VERSION "2.30.4"
| #define PACKAGE_STRING "gedit 2.30.4"
| #define PACKAGE_BUGREPORT "http://bugzilla.gnome.org/enter_bug.cgi?product=gedit"
| #define PACKAGE_URL "http://projects.gnome.org/gedit/"
| #define GEDIT_MAJOR_VERSION 2
| #define GEDIT_MINOR_VERSION 30
| #define GEDIT_MICRO_VERSION 4
| #define PACKAGE "gedit"
| #define VERSION "2.30.4"
| /* end confdefs.h.  */
| 
| int
| main ()
| {
| #ifndef __GNUC__
|        choke me
| #endif
| 
|   ;
|   return 0;
| }
configure:4514: result: no
configure:4523: checking whether gcc accepts -g
configure:4543: gcc -c -g  conftest.m >&5
gcc: error trying to exec 'cc1obj': execvp: No such file or directory
configure:4543: $? = 1
configure: failed program was:
| /* confdefs.h */
| #define PACKAGE_NAME "gedit"
| #define PACKAGE_TARNAME "gedit"
| #define PACKAGE_VERSION "2.30.4"
| #define PACKAGE_STRING "gedit 2.30.4"
| #define PACKAGE_BUGREPORT "http://bugzilla.gnome.org/enter_bug.cgi?product=gedit"
| #define PACKAGE_URL "http://projects.gnome.org/gedit/"
| #define GEDIT_MAJOR_VERSION 2
| #define GEDIT_MINOR_VERSION 30
| #define GEDIT_MICRO_VERSION 4
| #define PACKAGE "gedit"
| #define VERSION "2.30.4"
| /* end confdefs.h.  */
| 
| int
| main ()
| {
| 
|   ;
|   return 0;
| }
configure:4558: gcc -c   conftest.m >&5
gcc: error trying to exec 'cc1obj': execvp: No such file or directory
configure:4558: $? = 1
configure: failed program was:
| /* confdefs.h */
| #define PACKAGE_NAME "gedit"
| #define PACKAGE_TARNAME "gedit"
| #define PACKAGE_VERSION "2.30.4"
| #define PACKAGE_STRING "gedit 2.30.4"
| #define PACKAGE_BUGREPORT "http://bugzilla.gnome.org/enter_bug.cgi?product=gedit"
| #define PACKAGE_URL "http://projects.gnome.org/gedit/"
| #define GEDIT_MAJOR_VERSION 2
| #define GEDIT_MINOR_VERSION 30
| #define GEDIT_MICRO_VERSION 4
| #define PACKAGE "gedit"
| #define VERSION "2.30.4"
| /* end confdefs.h.  */
| 
| int
| main ()
| {
| 
|   ;
|   return 0;
| }
configure:4574: gcc -c -g  conftest.m >&5
gcc: error trying to exec 'cc1obj': execvp: No such file or directory
configure:4574: $? = 1
configure: failed program was:
| /* confdefs.h */
| #define PACKAGE_NAME "gedit"
| #define PACKAGE_TARNAME "gedit"
| #define PACKAGE_VERSION "2.30.4"
| #define PACKAGE_STRING "gedit 2.30.4"
| #define PACKAGE_BUGREPORT "http://bugzilla.gnome.org/enter_bug.cgi?product=gedit"
| #define PACKAGE_URL "http://projects.gnome.org/gedit/"
| #define GEDIT_MAJOR_VERSION 2
| #define GEDIT_MINOR_VERSION 30
| #define GEDIT_MICRO_VERSION 4
| #define PACKAGE "gedit"
| #define VERSION "2.30.4"
| /* end confdefs.h.  */
| 
| int
| main ()
| {
| 
|   ;
|   return 0;
| }
configure:4584: result: no
configure:4609: checking dependency style of gcc
configure:4717: result: gcc3
configure:4764: checking build system type
configure:4778: result: x86_64-unknown-linux-gnu
configure:4798: checking host system type
configure:4811: result: x86_64-unknown-linux-gnu
configure:4852: checking how to print strings
configure:4879: result: printf
configure:4900: checking for a sed that does not truncate output
configure:4964: result: /usr/bin/sed
configure:4982: checking for grep that handles long lines and -e
configure:5040: result: /usr/bin/grep
configure:5045: checking for egrep
configure:5107: result: /usr/bin/grep -E
configure:5112: checking for fgrep
configure:5174: result: /usr/bin/grep -F
configure:5209: checking for ld used by gcc
configure:5276: result: /usr/bin/ld
configure:5283: checking if the linker (/usr/bin/ld) is GNU ld
configure:5298: result: yes
configure:5310: checking for BSD- or MS-compatible name lister (nm)
configure:5359: result: /usr/bin/nm -B
configure:5489: checking the name lister (/usr/bin/nm -B) interface
configure:5496: gcc -c -g -O2  conftest.c >&5
configure:5499: /usr/bin/nm -B "conftest.o"
configure:5502: output
0000000000000000 B some_variable
configure:5509: result: BSD nm
configure:5512: checking whether ln -s works
configure:5516: result: yes
configure:5524: checking the maximum length of command line arguments
configure:5649: result: 1572864
configure:5666: checking whether the shell understands some XSI constructs
configure:5676: result: yes
configure:5680: checking whether the shell understands "+="
configure:5686: result: yes
configure:5721: checking for /usr/bin/ld option to reload object files
configure:5728: result: -r
configure:5797: checking for objdump
configure:5813: found /usr/bin/objdump
configure:5824: result: objdump
configure:5856: checking how to recognize dependent libraries
configure:6058: result: pass_all
configure:6118: checking for ar
configure:6134: found /usr/bin/ar
configure:6145: result: ar
configure:6223: checking for strip
configure:6239: found /usr/bin/strip
configure:6250: result: strip
configure:6322: checking for ranlib
configure:6338: found /usr/bin/ranlib
configure:6349: result: ranlib
configure:6451: checking command to parse /usr/bin/nm -B output from gcc object
configure:6569: gcc -c -g -O2  conftest.c >&5
configure:6572: $? = 0
configure:6576: /usr/bin/nm -B conftest.o \| sed -n -e 's/^.*[ ]\([ABCDGIRSTW][ABCDGIRSTW]*\)[ ][ ]*\([_A-Za-z][_A-Za-z0-9]*\)$/\1 \2 \2/p' \> conftest.nm
configure:6579: $? = 0
configure:6633: gcc -o conftest -g -O2   conftest.c conftstm.o >&5
configure:6636: $? = 0
configure:6674: result: ok
configure:6769: gcc -c -g -O2  conftest.c >&5
configure:6772: $? = 0
configure:7514: checking how to run the C preprocessor
configure:7545: gcc -E  conftest.c
configure:7545: $? = 0
configure:7559: gcc -E  conftest.c
conftest.c:14:10: fatal error: ac_nonexistent.h: No such file or directory
 #include <ac_nonexistent.h>
          ^~~~~~~~~~~~~~~~~~
compilation terminated.
configure:7559: $? = 1
configure: failed program was:
| /* confdefs.h */
| #define PACKAGE_NAME "gedit"
| #define PACKAGE_TARNAME "gedit"
| #define PACKAGE_VERSION "2.30.4"
| #define PACKAGE_STRING "gedit 2.30.4"
| #define PACKAGE_BUGREPORT "http://bugzilla.gnome.org/enter_bug.cgi?product=gedit"
| #define PACKAGE_URL "http://projects.gnome.org/gedit/"
| #define GEDIT_MAJOR_VERSION 2
| #define GEDIT_MINOR_VERSION 30
| #define GEDIT_MICRO_VERSION 4
| #define PACKAGE "gedit"
| #define VERSION "2.30.4"
| /* end confdefs.h.  */
| #include <ac_nonexistent.h>
configure:7584: result: gcc -E
configure:7604: gcc -E  conftest.c
configure:7604: $? = 0
configure:7618: gcc -E  conftest.c
conftest.c:14:10: fatal error: ac_nonexistent.h: No such file or directory
 #include <ac_nonexistent.h>
          ^~~~~~~~~~~~~~~~~~
compilation terminated.
configure:7618: $? = 1
configure: failed program was:
| /* confdefs.h */
| #define PACKAGE_NAME "gedit"
| #define PACKAGE_TARNAME "gedit"
| #define PACKAGE_VERSION "2.30.4"
| #define PACKAGE_STRING "gedit 2.30.4"
| #define PACKAGE_BUGREPORT "http://bugzilla.gnome.org/enter_bug.cgi?product=gedit"
| #define PACKAGE_URL "http://projects.gnome.org/gedit/"
| #define GEDIT_MAJOR_VERSION 2
| #define GEDIT_MINOR_VERSION 30
| #define GEDIT_MICRO_VERSION 4
| #define PACKAGE "gedit"
| #define VERSION "2.30.4"
| /* end confdefs.h.  */
| #include <ac_nonexistent.h>
configure:7647: checking for ANSI C header files
configure:7667: gcc -c -g -O2  conftest.c >&5
configure:7667: $? = 0
configure:7740: gcc -o conftest -g -O2   conftest.c  >&5
configure:7740: $? = 0
configure:7740: ./conftest
configure:7740: $? = 0
configure:7751: result: yes
configure:7764: checking for sys/types.h
configure:7764: gcc -c -g -O2  conftest.c >&5
configure:7764: $? = 0
configure:7764: result: yes
configure:7764: checking for sys/stat.h
configure:7764: gcc -c -g -O2  conftest.c >&5
configure:7764: $? = 0
configure:7764: result: yes
configure:7764: checking for stdlib.h
configure:7764: gcc -c -g -O2  conftest.c >&5
configure:7764: $? = 0
configure:7764: result: yes
configure:7764: checking for string.h
configure:7764: gcc -c -g -O2  conftest.c >&5
configure:7764: $? = 0
configure:7764: result: yes
configure:7764: checking for memory.h
configure:7764: gcc -c -g -O2  conftest.c >&5
configure:7764: $? = 0
configure:7764: result: yes
configure:7764: checking for strings.h
configure:7764: gcc -c -g -O2  conftest.c >&5
configure:7764: $? = 0
configure:7764: result: yes
configure:7764: checking for inttypes.h
configure:7764: gcc -c -g -O2  conftest.c >&5
configure:7764: $? = 0
configure:7764: result: yes
configure:7764: checking for stdint.h
configure:7764: gcc -c -g -O2  conftest.c >&5
configure:7764: $? = 0
configure:7764: result: yes
configure:7764: checking for unistd.h
configure:7764: gcc -c -g -O2  conftest.c >&5
configure:7764: $? = 0
configure:7764: result: yes
configure:7778: checking for dlfcn.h
configure:7778: gcc -c -g -O2  conftest.c >&5
configure:7778: $? = 0
configure:7778: result: yes
configure:7964: checking for objdir
configure:7979: result: .libs
configure:8250: checking if gcc supports -fno-rtti -fno-exceptions
configure:8268: gcc -c -g -O2  -fno-rtti -fno-exceptions conftest.c >&5
cc1: warning: command line option '-fno-rtti' is valid for C++/ObjC++ but not for C
configure:8272: $? = 0
configure:8285: result: no
configure:8305: checking for gcc option to produce PIC
configure:8590: result: -fPIC -DPIC
configure:8602: checking if gcc PIC flag -fPIC -DPIC works
configure:8620: gcc -c -g -O2  -fPIC -DPIC -DPIC conftest.c >&5
configure:8624: $? = 0
configure:8637: result: yes
configure:8661: checking if gcc static flag -static works
configure:8689: result: yes
configure:8704: checking if gcc supports -c -o file.o
configure:8725: gcc -c -g -O2  -o out/conftest2.o conftest.c >&5
configure:8729: $? = 0
configure:8751: result: yes
configure:8759: checking if gcc supports -c -o file.o
configure:8806: result: yes
configure:8839: checking whether the gcc linker (/usr/bin/ld -m elf_x86_64) supports shared libraries
configure:9914: result: yes
configure:9951: checking whether -lc should be explicitly linked in
configure:9959: gcc -c -g -O2  conftest.c >&5
configure:9962: $? = 0
configure:9977: gcc -shared conftest.o  -v -Wl,-soname -Wl,conftest -o conftest 2\>\&1 \| /usr/bin/grep  -lc  \>/dev/null 2\>\&1
configure:9980: $? = 0
configure:9994: result: no
configure:10159: checking dynamic linker characteristics
configure:10614: gcc -o conftest -g -O2   -Wl,-rpath -Wl,/foo conftest.c  >&5
configure:10614: $? = 0
configure:10840: result: GNU/Linux ld.so
configure:10947: checking how to hardcode library paths into programs
configure:10972: result: immediate
configure:11512: checking whether stripping libraries is possible
configure:11517: result: yes
configure:11552: checking if libtool supports shared libraries
configure:11554: result: yes
configure:11557: checking whether to build shared libraries
configure:11578: result: yes
configure:11581: checking whether to build static libraries
configure:11585: result: no
configure:11626: checking for gconftool-2
configure:11644: found /usr/bin/gconftool-2
configure:11656: result: /usr/bin/gconftool-2
configure:11669: checking for gtkdoc-check
configure:11702: result: no
configure:11711: checking for gtkdoc-rebase
configure:11744: result: no
configure:11755: checking for gtkdoc-mkpdf
configure:11788: result: no
configure:11826: checking whether to build gtk-doc documentation
configure:11828: result: no
configure:11893: checking for sigaction
configure:11893: gcc -o conftest -g -O2   conftest.c  >&5
configure:11893: $? = 0
configure:11893: result: yes
configure:11898: checking for floor in -lm
configure:11923: gcc -o conftest -g -O2   conftest.c -lm   >&5
conftest.c:33:6: warning: conflicting types for built-in function 'floor' [-Wbuiltin-declaration-mismatch]
 char floor ();
      ^~~~~
configure:11923: $? = 0
configure:11932: result: yes
configure:11953: checking for Win32 platform
configure:11964: result: no
configure:11975: checking for native Win32
configure:12078: result: no
configure:12089: checking for Mac OS X platform
configure:12099: result: no
configure:12112: checking for native Mac OS X
configure:12120: result: no
configure:12259: checking whether NLS is requested
configure:12268: result: yes
configure:12283: checking for intltool >= 0.40.0
configure:12290: result: 0.51.0 found
configure:12298: checking for intltool-update
configure:12316: found /usr/bin/intltool-update
configure:12328: result: /usr/bin/intltool-update
configure:12338: checking for intltool-merge
configure:12356: found /usr/bin/intltool-merge
configure:12368: result: /usr/bin/intltool-merge
configure:12378: checking for intltool-extract
configure:12396: found /usr/bin/intltool-extract
configure:12408: result: /usr/bin/intltool-extract
configure:12539: checking for xgettext
configure:12557: found /usr/bin/xgettext
configure:12569: result: /usr/bin/xgettext
configure:12579: checking for msgmerge
configure:12597: found /usr/bin/msgmerge
configure:12609: result: /usr/bin/msgmerge
configure:12619: checking for msgfmt
configure:12637: found /usr/bin/msgfmt
configure:12649: result: /usr/bin/msgfmt
configure:12659: checking for gmsgfmt
configure:12690: result: /usr/bin/msgfmt
configure:12710: checking for perl
configure:12728: found /usr/bin/perl
configure:12740: result: /usr/bin/perl
configure:12751: checking for perl >= 5.8.1
configure:12758: result: 5.26.1
configure:12762: checking for XML::Parser
configure:12765: result: ok
configure:12790: gcc -o conftest -g -O2   conftest.c -lm  >&5
configure:12790: $? = 0
configure:12822: checking locale.h usability
configure:12822: gcc -c -g -O2  conftest.c >&5
configure:12822: $? = 0
configure:12822: result: yes
configure:12822: checking locale.h presence
configure:12822: gcc -E  conftest.c
configure:12822: $? = 0
configure:12822: result: yes
configure:12822: checking for locale.h
configure:12822: result: yes
configure:12833: checking for LC_MESSAGES
configure:12849: gcc -o conftest -g -O2   conftest.c -lm  >&5
configure:12849: $? = 0
configure:12857: result: yes
configure:12874: checking libintl.h usability
configure:12874: gcc -c -g -O2  conftest.c >&5
configure:12874: $? = 0
configure:12874: result: yes
configure:12874: checking libintl.h presence
configure:12874: gcc -E  conftest.c
configure:12874: $? = 0
configure:12874: result: yes
configure:12874: checking for libintl.h
configure:12874: result: yes
configure:12882: checking for ngettext in libc
configure:12900: gcc -o conftest -g -O2   conftest.c -lm  >&5
configure:12900: $? = 0
configure:12909: result: yes
configure:12913: checking for dgettext in libc
configure:12931: gcc -o conftest -g -O2   conftest.c -lm  >&5
configure:12931: $? = 0
configure:12940: result: yes
configure:12947: checking for bind_textdomain_codeset
configure:12947: gcc -o conftest -g -O2   conftest.c -lm  >&5
configure:12947: $? = 0
configure:12947: result: yes
configure:13223: checking for msgfmt
configure:13250: result: /usr/bin/msgfmt
configure:13261: checking for dcgettext
configure:13261: gcc -o conftest -g -O2   conftest.c -lm   >&5
conftest.c:54:6: warning: conflicting types for built-in function 'dcgettext' [-Wbuiltin-declaration-mismatch]
 char dcgettext ();
      ^~~~~~~~~
configure:13261: $? = 0
configure:13261: result: yes
configure:13271: checking if msgfmt accepts -c
configure:13286: $MSGFMT -c -o /dev/null conftest.foo
conftest.foo:3: warning: header field 'Language' missing in header
configure:13289: $? = 0
configure:13291: result: yes
configure:13301: checking for gmsgfmt
configure:13332: result: /usr/bin/msgfmt
configure:13342: checking for xgettext
configure:13369: result: /usr/bin/xgettext
configure:13388: gcc -o conftest -g -O2   conftest.c -lm   >&5
configure:13388: $? = 0
configure:13569: checking for LIBSOUP
configure:13577: $PKG_CONFIG --exists --print-errors "\
		libsoup-2.4"
configure:13581: $? = 0
configure:13596: $PKG_CONFIG --exists --print-errors "\
		libsoup-2.4"
configure:13600: $? = 0
configure:13640: result: yes
configure:13683: checking for ENCHANT
configure:13690: $PKG_CONFIG --exists --print-errors "enchant >= $ENCHANT_REQUIRED"
configure:13693: $? = 0
configure:13706: $PKG_CONFIG --exists --print-errors "enchant >= $ENCHANT_REQUIRED"
configure:13709: $? = 0
configure:13746: result: yes
configure:13755: $PKG_CONFIG --exists --print-errors "iso-codes >= $ISO_CODES_REQUIRED"
configure:13758: $? = 0
configure:13766: checking whether iso-codes has iso-639 and iso-3166 domains
configure:13775: result: yes
configure:13806: checking for library containing bind
configure:13837: gcc -o conftest -g -O2   conftest.c -lm  >&5
configure:13837: $? = 0
configure:13854: result: none required
configure:13866: checking for GEDIT
configure:13881: $PKG_CONFIG --exists --print-errors "
	libxml-2.0 >= 2.5.0
	glib-2.0 >= 2.22.0
	gthread-2.0 >= 2.13.0
	gio-2.0 >= 2.23.1
	gtk+-2.0 >= 2.16.0
	gtksourceview-2.0 >= 2.9.7
	gconf-2.0 >= 1.1.11
"
configure:13892: $? = 0
configure:13921: $PKG_CONFIG --exists --print-errors "
	libxml-2.0 >= 2.5.0
	glib-2.0 >= 2.22.0
	gthread-2.0 >= 2.13.0
	gio-2.0 >= 2.23.1
	gtk+-2.0 >= 2.16.0
	gtksourceview-2.0 >= 2.9.7
	gconf-2.0 >= 1.1.11
"
configure:13932: $? = 0
configure:14023: result: yes
configure:14032: checking for X11
configure:14041: $PKG_CONFIG --exists --print-errors "
		x11
	"
configure:14046: $? = 0
configure:14063: $PKG_CONFIG --exists --print-errors "
		x11
	"
configure:14068: $? = 0
configure:14135: result: yes
configure:14191: checking for EGG_SMCLIENT
configure:14200: $PKG_CONFIG --exists --print-errors "
		sm >= 1.0.0
	"
configure:14205: $? = 0
configure:14222: $PKG_CONFIG --exists --print-errors "
		sm >= 1.0.0
	"
configure:14227: $? = 0
configure:14294: result: yes
configure:14322: result: Using config source xml:merged:/etc/gconf/gconf.xml.defaults for schema installation
configure:14337: result: Using $(sysconfdir)/gconf/schemas as install directory for schema files
configure:14359: checking whether Python support is requested
configure:14368: result: yes
configure:14378: checking whether /usr/bin/python2 version >= 2.5
configure:14389: /usr/bin/python2 -c import sys # split strings by '.' and convert to numeric. Append some zeros # because we need at least 4 digits for the hex conversion. # map returns an iterator in Python 3.0 and a list in 2.x minver = list(map(int, '2.5'.split('.'))) + [0, 0, 0] minverhex = 0 # xrange is not present in Python 3.0 and range returns an iterator for i in list(range(0, 4)): minverhex = (minverhex << 8) + minver[i] sys.exit(sys.hexversion < minverhex)
configure:14392: $? = 0
configure:14394: result: yes
configure:14485: checking for /usr/bin/python2 version
configure:14492: result: 2.7
configure:14504: checking for /usr/bin/python2 platform
configure:14511: result: linux2
configure:14518: checking for /usr/bin/python2 script directory
configure:14547: result: ${prefix}/lib/python2.7/site-packages
configure:14556: checking for /usr/bin/python2 extension module directory
configure:14585: result: ${exec_prefix}/lib/python2.7/site-packages
configure:14605: checking for headers required to compile python extensions
configure:14620: gcc -E  -I/usr/include/python2.7 conftest.c
configure:14620: $? = 0
configure:14621: result: found
configure:14675: checking for PYGTK
configure:14685: $PKG_CONFIG --exists --print-errors "
		pygobject-2.0 >= $PYGOBJECT_REQUIRED
		pygtk-2.0 >= $PYGTK_REQUIRED
		pygtksourceview-2.0 >= $PYGTKSOURCEVIEW_REQUIRED"
configure:14691: $? = 0
configure:14710: $PKG_CONFIG --exists --print-errors "
		pygobject-2.0 >= $PYGOBJECT_REQUIRED
		pygtk-2.0 >= $PYGTK_REQUIRED
		pygtksourceview-2.0 >= $PYGTKSOURCEVIEW_REQUIRED"
configure:14716: $? = 0
configure:14784: result: yes
configure:14791: checking for pygtk defs
configure:14794: result: /usr/share/pygtk/2.0/defs
configure:14797: checking for pygobject defs
configure:14800: result: /usr/share/pygobject/2.0/defs
configure:14803: checking for pygtk codegen
configure:14806: result: /usr/bin/python2 /usr/share/pygobject/2.0/codegen/codegen.py
configure:14809: checking for pygtk h2def
configure:14812: result: /usr/bin/python2 /usr/share/pygobject/2.0/codegen/h2def.py
configure:14823: checking whether gcc understands -fno-strict-aliasing
configure:14836: gcc -c -g -O2 -fno-strict-aliasing  conftest.c >&5
configure:14836: $? = 0
configure:14843: result: yes
configure:14871: checking for glib-genmarshal
configure:14889: found /usr/bin/glib-genmarshal
configure:14901: result: /usr/bin/glib-genmarshal
configure:14911: checking for glib-mkenums
configure:14929: found /usr/bin/glib-mkenums
configure:14941: result: /usr/bin/glib-mkenums
configure:15022: checking what warning flags to pass to the C compiler
configure:15024: result: -Wall -Wmissing-prototypes
configure:15035: checking what language compliance flags to pass to the C compiler
configure:15050: result: 
configure:15103: checking gnome-doc-utils >= 0.9.0
configure:15106: $PKG_CONFIG --exists --print-errors "gnome-doc-utils >= $gdu_cv_version_required"
configure:15109: $? = 0
configure:15117: result: yes
configure:15397: creating ./config.status

## ---------------------- ##
## Running config.status. ##
## ---------------------- ##

This file was extended by gedit config.status 2.30.4, which was
generated by GNU Autoconf 2.66.  Invocation command line was

  CONFIG_FILES    = 
  CONFIG_HEADERS  = 
  CONFIG_LINKS    = 
  CONFIG_COMMANDS = 
  $ ./config.status 

on optiplex3020

config.status:1311: creating Makefile
config.status:1311: creating data/gedit.desktop.in
config.status:1311: creating data/gedit-bugreport.sh
config.status:1311: creating data/gedit.pc
config.status:1311: creating data/gedit.schemas.in
config.status:1311: creating data/Makefile
config.status:1311: creating docs/Makefile
config.status:1311: creating docs/reference/Makefile
config.status:1311: creating gedit/dialogs/Makefile
config.status:1311: creating gedit/smclient/Makefile
config.status:1311: creating gedit/osx/Makefile
config.status:1311: creating gedit/Makefile
config.status:1311: creating help/Makefile
config.status:1311: creating pixmaps/Makefile
config.status:1311: creating plugin-loaders/Makefile
config.status:1311: creating plugin-loaders/c/Makefile
config.status:1311: creating plugin-loaders/python/Makefile
config.status:1311: creating plugin-loaders/python/bindings/Makefile
config.status:1311: creating plugins/Makefile
config.status:1311: creating plugins/changecase/Makefile
config.status:1311: creating plugins/checkupdate/Makefile
config.status:1311: creating plugins/docinfo/Makefile
config.status:1311: creating plugins/externaltools/data/Makefile
config.status:1311: creating plugins/externaltools/Makefile
config.status:1311: creating plugins/externaltools/scripts/Makefile
config.status:1311: creating plugins/externaltools/tools/Makefile
config.status:1311: creating plugins/filebrowser/Makefile
config.status:1311: creating plugins/modelines/Makefile
config.status:1311: creating plugins/pythonconsole/Makefile
config.status:1311: creating plugins/pythonconsole/pythonconsole/Makefile
config.status:1311: creating plugins/quickopen/Makefile
config.status:1311: creating plugins/quickopen/quickopen/Makefile
config.status:1311: creating plugins/snippets/data/lang/Makefile
config.status:1311: creating plugins/snippets/data/Makefile
config.status:1311: creating plugins/snippets/Makefile
config.status:1311: creating plugins/snippets/snippets/Makefile
config.status:1311: creating plugins/sort/Makefile
config.status:1311: creating plugins/spell/Makefile
config.status:1311: creating plugins/taglist/Makefile
config.status:1311: creating plugins/time/Makefile
config.status:1311: creating po/Makefile.in
config.status:1311: creating tests/Makefile
config.status:1311: creating win32/gedit.iss
config.status:1311: creating win32/Makefile
config.status:1311: creating osx/Info.plist
config.status:1311: creating osx/Makefile
config.status:1311: creating config.h
config.status:1491: config.h is unchanged
config.status:1539: executing depfiles commands
config.status:1539: executing libtool commands
config.status:1539: executing default-1 commands
config.status:1539: executing po/stamp-it commands

## ---------------- ##
## Cache variables. ##
## ---------------- ##

ac_cv_build=x86_64-unknown-linux-gnu
ac_cv_c_compiler_gnu=yes
ac_cv_env_CC_set=
ac_cv_env_CC_value=
ac_cv_env_CFLAGS_set=
ac_cv_env_CFLAGS_value=
ac_cv_env_CPPFLAGS_set=
ac_cv_env_CPPFLAGS_value=
ac_cv_env_CPP_set=
ac_cv_env_CPP_value=
ac_cv_env_EGG_SMCLIENT_CFLAGS_set=
ac_cv_env_EGG_SMCLIENT_CFLAGS_value=
ac_cv_env_EGG_SMCLIENT_LIBS_set=
ac_cv_env_EGG_SMCLIENT_LIBS_value=
ac_cv_env_ENCHANT_CFLAGS_set=
ac_cv_env_ENCHANT_CFLAGS_value=
ac_cv_env_ENCHANT_LIBS_set=
ac_cv_env_ENCHANT_LIBS_value=
ac_cv_env_GEDIT_CFLAGS_set=
ac_cv_env_GEDIT_CFLAGS_value=
ac_cv_env_GEDIT_LIBS_set=
ac_cv_env_GEDIT_LIBS_value=
ac_cv_env_IGE_MAC_CFLAGS_set=
ac_cv_env_IGE_MAC_CFLAGS_value=
ac_cv_env_IGE_MAC_LIBS_set=
ac_cv_env_IGE_MAC_LIBS_value=
ac_cv_env_LDFLAGS_set=
ac_cv_env_LDFLAGS_value=
ac_cv_env_LIBSOUP_CFLAGS_set=
ac_cv_env_LIBSOUP_CFLAGS_value=
ac_cv_env_LIBSOUP_LIBS_set=
ac_cv_env_LIBSOUP_LIBS_value=
ac_cv_env_LIBS_set=
ac_cv_env_LIBS_value=
ac_cv_env_OBJCFLAGS_set=
ac_cv_env_OBJCFLAGS_value=
ac_cv_env_OBJC_set=
ac_cv_env_OBJC_value=
ac_cv_env_PKG_CONFIG_LIBDIR_set=
ac_cv_env_PKG_CONFIG_LIBDIR_value=
ac_cv_env_PKG_CONFIG_PATH_set=
ac_cv_env_PKG_CONFIG_PATH_value=
ac_cv_env_PKG_CONFIG_set=
ac_cv_env_PKG_CONFIG_value=
ac_cv_env_PYGTK_CFLAGS_set=
ac_cv_env_PYGTK_CFLAGS_value=
ac_cv_env_PYGTK_LIBS_set=
ac_cv_env_PYGTK_LIBS_value=
ac_cv_env_X11_CFLAGS_set=
ac_cv_env_X11_CFLAGS_value=
ac_cv_env_X11_LIBS_set=
ac_cv_env_X11_LIBS_value=
ac_cv_env_build_alias_set=
ac_cv_env_build_alias_value=
ac_cv_env_host_alias_set=
ac_cv_env_host_alias_value=
ac_cv_env_target_alias_set=
ac_cv_env_target_alias_value=
ac_cv_func_bind_textdomain_codeset=yes
ac_cv_func_dcgettext=yes
ac_cv_func_sigaction=yes
ac_cv_header_dlfcn_h=yes
ac_cv_header_inttypes_h=yes
ac_cv_header_libintl_h=yes
ac_cv_header_locale_h=yes
ac_cv_header_memory_h=yes
ac_cv_header_stdc=yes
ac_cv_header_stdint_h=yes
ac_cv_header_stdlib_h=yes
ac_cv_header_string_h=yes
ac_cv_header_strings_h=yes
ac_cv_header_sys_stat_h=yes
ac_cv_header_sys_types_h=yes
ac_cv_header_unistd_h=yes
ac_cv_host=x86_64-unknown-linux-gnu
ac_cv_lib_m_floor=yes
ac_cv_objc_compiler_gnu=no
ac_cv_objext=o
ac_cv_path_EGREP='/usr/bin/grep -E'
ac_cv_path_FGREP='/usr/bin/grep -F'
ac_cv_path_GCONFTOOL=/usr/bin/gconftool-2
ac_cv_path_GLIB_GENMARSHAL=/usr/bin/glib-genmarshal
ac_cv_path_GLIB_MKENUMS=/usr/bin/glib-mkenums
ac_cv_path_GMSGFMT=/usr/bin/msgfmt
ac_cv_path_GREP=/usr/bin/grep
ac_cv_path_INTLTOOL_EXTRACT=/usr/bin/intltool-extract
ac_cv_path_INTLTOOL_MERGE=/usr/bin/intltool-merge
ac_cv_path_INTLTOOL_PERL=/usr/bin/perl
ac_cv_path_INTLTOOL_UPDATE=/usr/bin/intltool-update
ac_cv_path_MSGFMT=/usr/bin/msgfmt
ac_cv_path_MSGMERGE=/usr/bin/msgmerge
ac_cv_path_SED=/usr/bin/sed
ac_cv_path_XGETTEXT=/usr/bin/xgettext
ac_cv_path_ac_pt_PKG_CONFIG=/usr/bin/pkg-config
ac_cv_path_install='/usr/bin/install -c'
ac_cv_path_mkdir=/usr/bin/mkdir
ac_cv_prog_AWK=gawk
ac_cv_prog_CPP='gcc -E'
ac_cv_prog_ac_ct_AR=ar
ac_cv_prog_ac_ct_CC=gcc
ac_cv_prog_ac_ct_OBJC=gcc
ac_cv_prog_ac_ct_OBJDUMP=objdump
ac_cv_prog_ac_ct_RANLIB=ranlib
ac_cv_prog_ac_ct_STRIP=strip
ac_cv_prog_cc_c89=
ac_cv_prog_cc_g=yes
ac_cv_prog_make_make_set=yes
ac_cv_prog_objc_g=no
ac_cv_search_bind='none required'
ac_cv_sys_file_offset_bits=no
ac_cv_sys_largefile_CC=no
am_cv_CC_dependencies_compiler_type=gcc3
am_cv_OBJC_dependencies_compiler_type=gcc3
am_cv_python_platform=linux2
am_cv_python_pyexecdir='${exec_prefix}/lib/python2.7/site-packages'
am_cv_python_pythondir='${prefix}/lib/python2.7/site-packages'
am_cv_python_version=2.7
am_cv_val_LC_MESSAGES=yes
gdu_cv_have_gdu=yes
gdu_cv_version_required=0.9.0
gt_cv_func_dgettext_libc=yes
gt_cv_func_dgettext_libintl=no
gt_cv_func_ngettext_libc=yes
gt_cv_have_gettext=yes
lt_cv_archive_cmds_need_lc=no
lt_cv_deplibs_check_method=pass_all
lt_cv_file_magic_cmd='$MAGIC_CMD'
lt_cv_file_magic_test_file=
lt_cv_ld_reload_flag=-r
lt_cv_nm_interface='BSD nm'
lt_cv_objdir=.libs
lt_cv_path_LD=/usr/bin/ld
lt_cv_path_NM='/usr/bin/nm -B'
lt_cv_prog_compiler_c_o=yes
lt_cv_prog_compiler_pic_works=yes
lt_cv_prog_compiler_rtti_exceptions=no
lt_cv_prog_compiler_static_works=yes
lt_cv_prog_gnu_ld=yes
lt_cv_shlibpath_overrides_runpath=no
lt_cv_sys_global_symbol_pipe='sed -n -e '\''s/^.*[	 ]\([ABCDGIRSTW][ABCDGIRSTW]*\)[	 ][	 ]*\([_A-Za-z][_A-Za-z0-9]*\)$/\1 \2 \2/p'\'''
lt_cv_sys_global_symbol_to_c_name_address='sed -n -e '\''s/^: \([^ ]*\) $/  {\"\1\", (void *) 0},/p'\'' -e '\''s/^[ABCDGIRSTW]* \([^ ]*\) \([^ ]*\)$/  {"\2", (void *) \&\2},/p'\'''
lt_cv_sys_global_symbol_to_c_name_address_lib_prefix='sed -n -e '\''s/^: \([^ ]*\) $/  {\"\1\", (void *) 0},/p'\'' -e '\''s/^[ABCDGIRSTW]* \([^ ]*\) \(lib[^ ]*\)$/  {"\2", (void *) \&\2},/p'\'' -e '\''s/^[ABCDGIRSTW]* \([^ ]*\) \([^ ]*\)$/  {"lib\2", (void *) \&\2},/p'\'''
lt_cv_sys_global_symbol_to_cdecl='sed -n -e '\''s/^T .* \(.*\)$/extern int \1();/p'\'' -e '\''s/^[ABCDGIRSTW]* .* \(.*\)$/extern char \1;/p'\'''
lt_cv_sys_max_cmd_len=1572864
pkg_cv_EGG_SMCLIENT_CFLAGS=
pkg_cv_EGG_SMCLIENT_LIBS=-lSM
pkg_cv_ENCHANT_CFLAGS='-pthread -I/usr/include/enchant -I/usr/include/glib-2.0 -I/usr/lib/glib-2.0/include'
pkg_cv_ENCHANT_LIBS=-lenchant
pkg_cv_GEDIT_CFLAGS='-pthread -I/usr/include/gtksourceview-2.0 -I/usr/include/libxml2 -I/usr/include/gtk-2.0 -I/usr/lib/gtk-2.0/include -I/usr/include/pango-1.0 -I/usr/include/atk-1.0 -I/usr/include/cairo -I/usr/include/pixman-1 -I/usr/include/gdk-pixbuf-2.0 -I/usr/include/pango-1.0 -I/usr/include/freetype2 -I/usr/include/libpng16 -I/usr/include/harfbuzz -I/usr/include/glib-2.0 -I/usr/lib/glib-2.0/include -I/usr/include/freetype2 -I/usr/include/libpng16 -I/usr/include/harfbuzz -I/usr/include/gconf/2 -I/usr/include/dbus-1.0 -I/usr/lib/dbus-1.0/include -I/usr/include/glib-2.0 -I/usr/lib/glib-2.0/include'
pkg_cv_GEDIT_LIBS='-lxml2 -lgthread-2.0 -pthread -lgtksourceview-2.0 -lgtk-x11-2.0 -lgdk-x11-2.0 -lpangocairo-1.0 -latk-1.0 -lcairo -lgdk_pixbuf-2.0 -lgio-2.0 -lpangoft2-1.0 -lpango-1.0 -lgobject-2.0 -lfontconfig -lfreetype -lgconf-2 -lglib-2.0'
pkg_cv_LIBSOUP_CFLAGS='-pthread -I/usr/include/libsoup-2.4 -I/usr/include/libxml2 -I/usr/include/glib-2.0 -I/usr/lib/glib-2.0/include'
pkg_cv_LIBSOUP_LIBS='-lsoup-2.4 -lgio-2.0 -lgobject-2.0 -lglib-2.0'
pkg_cv_PYGTK_CFLAGS='-pthread -I/usr/include/pygtk-2.0 -I/usr/lib/libffi-3.2.1/include -I/usr/include/gtksourceview-2.0 -I/usr/include/libxml2 -I/usr/include/gtk-2.0 -I/usr/lib/gtk-2.0/include -I/usr/include/pango-1.0 -I/usr/include/atk-1.0 -I/usr/include/cairo -I/usr/include/pixman-1 -I/usr/include/gdk-pixbuf-2.0 -I/usr/include/pango-1.0 -I/usr/include/freetype2 -I/usr/include/libpng16 -I/usr/include/harfbuzz -I/usr/include/glib-2.0 -I/usr/lib/glib-2.0/include -I/usr/include/freetype2 -I/usr/include/libpng16 -I/usr/include/harfbuzz -I/usr/include/glib-2.0 -I/usr/lib/glib-2.0/include'
pkg_cv_PYGTK_LIBS='-lgtksourceview-2.0 -lgtk-x11-2.0 -lgdk-x11-2.0 -lpangocairo-1.0 -latk-1.0 -lcairo -lgdk_pixbuf-2.0 -lgio-2.0 -lpangoft2-1.0 -lpango-1.0 -lgobject-2.0 -lglib-2.0 -lfontconfig -lfreetype'
pkg_cv_X11_CFLAGS=
pkg_cv_X11_LIBS=-lX11

## ----------------- ##
## Output variables. ##
## ----------------- ##

ACLOCAL='${SHELL} /home/nagaozen/git/my-os-customizations/home/nagaozen/gedit-2.30.4/missing --run aclocal-1.11'
ACLOCAL_AMFLAGS=' -I m4'
ACTIVE_PLUGINS='docinfo,modelines,filebrowser,spell,time'
ALL_LINGUAS=''
AMDEPBACKSLASH='\'
AMDEP_FALSE='#'
AMDEP_TRUE=''
AMTAR='${SHELL} /home/nagaozen/git/my-os-customizations/home/nagaozen/gedit-2.30.4/missing --run tar'
AM_BACKSLASH='\'
AM_DEFAULT_VERBOSITY='0'
AR='ar'
AUTOCONF='${SHELL} /home/nagaozen/git/my-os-customizations/home/nagaozen/gedit-2.30.4/missing --run autoconf'
AUTOHEADER='${SHELL} /home/nagaozen/git/my-os-customizations/home/nagaozen/gedit-2.30.4/missing --run autoheader'
AUTOMAKE='${SHELL} /home/nagaozen/git/my-os-customizations/home/nagaozen/gedit-2.30.4/missing --run automake-1.11'
AWK='gawk'
BUILD_MESSAGE_AREA_FALSE=''
BUILD_MESSAGE_AREA_TRUE='#'
BUILD_SPINNER_FALSE=''
BUILD_SPINNER_TRUE='#'
CATALOGS=''
CATOBJEXT='.gmo'
CC='gcc'
CCDEPMODE='depmode=gcc3'
CFLAGS='-g -O2'
CPP='gcc -E'
CPPFLAGS=''
CYGPATH_W='echo'
DATADIRNAME='share'
DEFAULT_FONT=''
DEFAULT_PRINT_FONT=''
DEFS='-DHAVE_CONFIG_H'
DEPDIR='.deps'
DISABLE_DEPRECATED_CFLAGS=''
DISTCHECK_CONFIGURE_FLAGS='--disable-scrollkeeper '
DOC_USER_FORMATS=''
DSYMUTIL=''
DUMPBIN=''
ECHO_C=''
ECHO_N='-n'
ECHO_T=''
EGG_SMCLIENT_CFLAGS=''
EGG_SMCLIENT_LIBS='-lSM'
EGREP='/usr/bin/grep -E'
ENABLE_ENCHANT_FALSE='#'
ENABLE_ENCHANT_TRUE=''
ENABLE_GTK_DOC_FALSE=''
ENABLE_GTK_DOC_TRUE='#'
ENABLE_GVFS_METADATA_FALSE='#'
ENABLE_GVFS_METADATA_TRUE=''
ENABLE_PYTHON_FALSE='#'
ENABLE_PYTHON_TRUE=''
ENABLE_SK_FALSE=''
ENABLE_SK_TRUE='#'
ENABLE_UPDATER_FALSE=''
ENABLE_UPDATER_TRUE='#'
ENCHANT_CFLAGS='-pthread -I/usr/include/enchant -I/usr/include/glib-2.0 -I/usr/lib/glib-2.0/include'
ENCHANT_LIBS='-lenchant'
EXEEXT=''
FGREP='/usr/bin/grep -F'
FULL_LIBEXECDIR='/usr/local/libexec'
GCONFTOOL='/usr/bin/gconftool-2'
GCONF_SCHEMAS_INSTALL_FALSE='#'
GCONF_SCHEMAS_INSTALL_TRUE=''
GCONF_SCHEMA_CONFIG_SOURCE='xml:merged:/etc/gconf/gconf.xml.defaults'
GCONF_SCHEMA_FILE_DIR='$(sysconfdir)/gconf/schemas'
GEDIT_API_VERSION='2.20'
GEDIT_CFLAGS='-pthread -I/usr/include/gtksourceview-2.0 -I/usr/include/libxml2 -I/usr/include/gtk-2.0 -I/usr/lib/gtk-2.0/include -I/usr/include/pango-1.0 -I/usr/include/atk-1.0 -I/usr/include/cairo -I/usr/include/pixman-1 -I/usr/include/gdk-pixbuf-2.0 -I/usr/include/pango-1.0 -I/usr/include/freetype2 -I/usr/include/libpng16 -I/usr/include/harfbuzz -I/usr/include/glib-2.0 -I/usr/lib/glib-2.0/include -I/usr/include/freetype2 -I/usr/include/libpng16 -I/usr/include/harfbuzz -I/usr/include/gconf/2 -I/usr/include/dbus-1.0 -I/usr/lib/dbus-1.0/include -I/usr/include/glib-2.0 -I/usr/lib/glib-2.0/include '
GEDIT_IMPLIB=''
GEDIT_LIBS='-lxml2 -lgthread-2.0 -pthread -lgtksourceview-2.0 -lgtk-x11-2.0 -lgdk-x11-2.0 -lpangocairo-1.0 -latk-1.0 -lcairo -lgdk_pixbuf-2.0 -lgio-2.0 -lpangoft2-1.0 -lpango-1.0 -lgobject-2.0 -lfontconfig -lfreetype -lgconf-2 -lglib-2.0 -lX11'
GEDIT_MAJOR_VERSION='2'
GEDIT_MICRO_VERSION='4'
GEDIT_MINOR_VERSION='30'
GEDIT_PLUGINS_DATA_DIR='${datarootdir}/gedit-2/plugins'
GEDIT_PLUGINS_LIBS_DIR='${exec_prefix}/lib/gedit-2/plugins'
GETTEXT_PACKAGE='gedit'
GLIB_GENMARSHAL='/usr/bin/glib-genmarshal'
GLIB_MKENUMS='/usr/bin/glib-mkenums'
GMOFILES=''
GMSGFMT='/usr/bin/msgfmt'
GREP='/usr/bin/grep'
GTKDOC_CHECK=''
GTKDOC_MKPDF=''
GTKDOC_REBASE='true'
GTK_DOC_BUILD_HTML_FALSE='#'
GTK_DOC_BUILD_HTML_TRUE=''
GTK_DOC_BUILD_PDF_FALSE=''
GTK_DOC_BUILD_PDF_TRUE='#'
GTK_DOC_USE_LIBTOOL_FALSE='#'
GTK_DOC_USE_LIBTOOL_TRUE=''
GTK_DOC_USE_REBASE_FALSE='#'
GTK_DOC_USE_REBASE_TRUE=''
HAVE_GNOME_DOC_UTILS_FALSE='#'
HAVE_GNOME_DOC_UTILS_TRUE=''
HELP_DIR='${datadir}/gnome/help'
HTML_DIR='${datadir}/gtk-doc/html'
IGE_MAC_CFLAGS=''
IGE_MAC_LIBS=''
INSTALL_DATA='${INSTALL} -m 644'
INSTALL_PROGRAM='${INSTALL}'
INSTALL_SCRIPT='${INSTALL}'
INSTALL_STRIP_PROGRAM='$(install_sh) -c -s'
INSTOBJEXT='.mo'
INTLLIBS=''
INTLTOOL_CAVES_RULE='%.caves:     %.caves.in     $(INTLTOOL_MERGE) $(wildcard $(top_srcdir)/po/*.po) ; LC_ALL=C $(INTLTOOL_MERGE) -d -u -c $(top_builddir)/po/.intltool-merge-cache $(top_srcdir)/po $< $@'
INTLTOOL_DESKTOP_RULE='%.desktop:   %.desktop.in   $(INTLTOOL_MERGE) $(wildcard $(top_srcdir)/po/*.po) ; LC_ALL=C $(INTLTOOL_MERGE) -d -u -c $(top_builddir)/po/.intltool-merge-cache $(top_srcdir)/po $< $@'
INTLTOOL_DIRECTORY_RULE='%.directory: %.directory.in $(INTLTOOL_MERGE) $(wildcard $(top_srcdir)/po/*.po) ; LC_ALL=C $(INTLTOOL_MERGE) -d -u -c $(top_builddir)/po/.intltool-merge-cache $(top_srcdir)/po $< $@'
INTLTOOL_EXTRACT='/usr/bin/intltool-extract'
INTLTOOL_KBD_RULE='%.kbd:       %.kbd.in       $(INTLTOOL_MERGE) $(wildcard $(top_srcdir)/po/*.po) ; LC_ALL=C $(INTLTOOL_MERGE) -x -u -m -c $(top_builddir)/po/.intltool-merge-cache $(top_srcdir)/po $< $@'
INTLTOOL_KEYS_RULE='%.keys:      %.keys.in      $(INTLTOOL_MERGE) $(wildcard $(top_srcdir)/po/*.po) ; LC_ALL=C $(INTLTOOL_MERGE) -k -u -c $(top_builddir)/po/.intltool-merge-cache $(top_srcdir)/po $< $@'
INTLTOOL_MERGE='/usr/bin/intltool-merge'
INTLTOOL_OAF_RULE='%.oaf:       %.oaf.in       $(INTLTOOL_MERGE) $(wildcard $(top_srcdir)/po/*.po) ; LC_ALL=C $(INTLTOOL_MERGE) -o -p $(top_srcdir)/po $< $@'
INTLTOOL_PERL='/usr/bin/perl'
INTLTOOL_POLICY_RULE='%.policy:    %.policy.in    $(INTLTOOL_MERGE) $(wildcard $(top_srcdir)/po/*.po) ; LC_ALL=C $(INTLTOOL_MERGE) -x -u -c $(top_builddir)/po/.intltool-merge-cache $(top_srcdir)/po $< $@'
INTLTOOL_PONG_RULE='%.pong:      %.pong.in      $(INTLTOOL_MERGE) $(wildcard $(top_srcdir)/po/*.po) ; LC_ALL=C $(INTLTOOL_MERGE) -x -u -c $(top_builddir)/po/.intltool-merge-cache $(top_srcdir)/po $< $@'
INTLTOOL_PROP_RULE='%.prop:      %.prop.in      $(INTLTOOL_MERGE) $(wildcard $(top_srcdir)/po/*.po) ; LC_ALL=C $(INTLTOOL_MERGE) -d -u -c $(top_builddir)/po/.intltool-merge-cache $(top_srcdir)/po $< $@'
INTLTOOL_SCHEMAS_RULE='%.schemas:   %.schemas.in   $(INTLTOOL_MERGE) $(wildcard $(top_srcdir)/po/*.po) ; LC_ALL=C $(INTLTOOL_MERGE) -s -u -c $(top_builddir)/po/.intltool-merge-cache $(top_srcdir)/po $< $@'
INTLTOOL_SERVER_RULE='%.server:    %.server.in    $(INTLTOOL_MERGE) $(wildcard $(top_srcdir)/po/*.po) ; LC_ALL=C $(INTLTOOL_MERGE) -o -u -c $(top_builddir)/po/.intltool-merge-cache $(top_srcdir)/po $< $@'
INTLTOOL_SERVICE_RULE='%.service: %.service.in   $(INTLTOOL_MERGE) $(wildcard $(top_srcdir)/po/*.po) ; LC_ALL=C $(INTLTOOL_MERGE) -d -u -c $(top_builddir)/po/.intltool-merge-cache $(top_srcdir)/po $< $@'
INTLTOOL_SHEET_RULE='%.sheet:     %.sheet.in     $(INTLTOOL_MERGE) $(wildcard $(top_srcdir)/po/*.po) ; LC_ALL=C $(INTLTOOL_MERGE) -x -u -c $(top_builddir)/po/.intltool-merge-cache $(top_srcdir)/po $< $@'
INTLTOOL_SOUNDLIST_RULE='%.soundlist: %.soundlist.in $(INTLTOOL_MERGE) $(wildcard $(top_srcdir)/po/*.po) ; LC_ALL=C $(INTLTOOL_MERGE) -d -u -c $(top_builddir)/po/.intltool-merge-cache $(top_srcdir)/po $< $@'
INTLTOOL_THEME_RULE='%.theme:     %.theme.in     $(INTLTOOL_MERGE) $(wildcard $(top_srcdir)/po/*.po) ; LC_ALL=C $(INTLTOOL_MERGE) -d -u -c $(top_builddir)/po/.intltool-merge-cache $(top_srcdir)/po $< $@'
INTLTOOL_UI_RULE='%.ui:        %.ui.in        $(INTLTOOL_MERGE) $(wildcard $(top_srcdir)/po/*.po) ; LC_ALL=C $(INTLTOOL_MERGE) -x -u -c $(top_builddir)/po/.intltool-merge-cache $(top_srcdir)/po $< $@'
INTLTOOL_UPDATE='/usr/bin/intltool-update'
INTLTOOL_XAM_RULE='%.xam:       %.xml.in       $(INTLTOOL_MERGE) $(wildcard $(top_srcdir)/po/*.po) ; LC_ALL=C $(INTLTOOL_MERGE) -x -u -c $(top_builddir)/po/.intltool-merge-cache $(top_srcdir)/po $< $@'
INTLTOOL_XML_NOMERGE_RULE='%.xml:       %.xml.in       $(INTLTOOL_MERGE) ; LC_ALL=C $(INTLTOOL_MERGE) -x -u /tmp $< $@'
INTLTOOL_XML_RULE='%.xml:       %.xml.in       $(INTLTOOL_MERGE) $(wildcard $(top_srcdir)/po/*.po) ; LC_ALL=C $(INTLTOOL_MERGE) -x -u -c $(top_builddir)/po/.intltool-merge-cache $(top_srcdir)/po $< $@'
LD='/usr/bin/ld -m elf_x86_64'
LDFLAGS=''
LIBOBJS=''
LIBS='-lm '
LIBSOUP_CFLAGS='-pthread -I/usr/include/libsoup-2.4 -I/usr/include/libxml2 -I/usr/include/glib-2.0 -I/usr/lib/glib-2.0/include'
LIBSOUP_LIBS='-lsoup-2.4 -lgio-2.0 -lgobject-2.0 -lglib-2.0'
LIBTOOL='$(SHELL) $(top_builddir)/libtool'
LIPO=''
LN_S='ln -s'
LOADER_LIBTOOL_FLAGS='-module -avoid-version'
LTLIBOBJS=''
MAINT='#'
MAINTAINER_MODE_FALSE=''
MAINTAINER_MODE_TRUE='#'
MAKEINFO='${SHELL} /home/nagaozen/git/my-os-customizations/home/nagaozen/gedit-2.30.4/missing --run makeinfo'
MKDIR_P='/usr/bin/mkdir -p'
MKINSTALLDIRS='./mkinstalldirs'
MSGFMT='/usr/bin/msgfmt'
MSGFMT_OPTS='-c'
MSGMERGE='/usr/bin/msgmerge'
NM='/usr/bin/nm -B'
NMEDIT=''
NO_STRICT_ALIASING_CFLAGS='-fno-strict-aliasing'
OBJC='gcc'
OBJCDEPMODE='depmode=gcc3'
OBJCFLAGS=''
OBJDUMP='objdump'
OBJEXT='o'
OMF_DIR='${datadir}/omf'
OS_OSX_FALSE=''
OS_OSX_TRUE='#'
OS_WIN32_FALSE=''
OS_WIN32_TRUE='#'
OTOOL64=''
OTOOL=''
PACKAGE='gedit'
PACKAGE_BUGREPORT='http://bugzilla.gnome.org/enter_bug.cgi?product=gedit'
PACKAGE_NAME='gedit'
PACKAGE_STRING='gedit 2.30.4'
PACKAGE_TARNAME='gedit'
PACKAGE_URL='http://projects.gnome.org/gedit/'
PACKAGE_VERSION='2.30.4'
PATH_SEPARATOR=':'
PKG_CONFIG='/usr/bin/pkg-config'
PKG_CONFIG_LIBDIR=''
PKG_CONFIG_PATH=''
PLATFORM_OSX_FALSE=''
PLATFORM_OSX_TRUE='#'
PLATFORM_WIN32_FALSE=''
PLATFORM_WIN32_TRUE='#'
PLUGIN_LIBTOOL_FLAGS='-module -avoid-version'
POFILES=''
POSUB='po'
PO_IN_DATADIR_FALSE=''
PO_IN_DATADIR_TRUE=''
PYGOBJECT_DEFSDIR='/usr/share/pygobject/2.0/defs'
PYGTK_CFLAGS='-pthread -I/usr/include/pygtk-2.0 -I/usr/lib/libffi-3.2.1/include -I/usr/include/gtksourceview-2.0 -I/usr/include/libxml2 -I/usr/include/gtk-2.0 -I/usr/lib/gtk-2.0/include -I/usr/include/pango-1.0 -I/usr/include/atk-1.0 -I/usr/include/cairo -I/usr/include/pixman-1 -I/usr/include/gdk-pixbuf-2.0 -I/usr/include/pango-1.0 -I/usr/include/freetype2 -I/usr/include/libpng16 -I/usr/include/harfbuzz -I/usr/include/glib-2.0 -I/usr/lib/glib-2.0/include -I/usr/include/freetype2 -I/usr/include/libpng16 -I/usr/include/harfbuzz -I/usr/include/glib-2.0 -I/usr/lib/glib-2.0/include'
PYGTK_CODEGEN='/usr/bin/python2 /usr/share/pygobject/2.0/codegen/codegen.py'
PYGTK_DEFSDIR='/usr/share/pygtk/2.0/defs'
PYGTK_H2DEF='/usr/bin/python2 /usr/share/pygobject/2.0/codegen/h2def.py'
PYGTK_LIBS='-lgtksourceview-2.0 -lgtk-x11-2.0 -lgdk-x11-2.0 -lpangocairo-1.0 -latk-1.0 -lcairo -lgdk_pixbuf-2.0 -lgio-2.0 -lpangoft2-1.0 -lpango-1.0 -lgobject-2.0 -lglib-2.0 -lfontconfig -lfreetype'
PYTHON='/usr/bin/python2'
PYTHON_CFLAGS='-I/usr/include/python2.7'
PYTHON_EXEC_PREFIX='${exec_prefix}'
PYTHON_EXTRA_LIBS=' 		-lpthread -ldl  -lutil'
PYTHON_INCLUDES='-I/usr/include/python2.7'
PYTHON_LIBS='-lpython2.7'
PYTHON_LIB_LOC='-L/usr/lib/python2.7/config'
PYTHON_PLATFORM='linux2'
PYTHON_PREFIX='${prefix}'
PYTHON_VERSION='2.7'
RANLIB='ranlib'
SED='/usr/bin/sed'
SET_MAKE=''
SHELL='/bin/sh'
STRIP='strip'
TOOLBAR_STYLE='GEDIT_TOOLBAR_SYSTEM'
USE_NLS='yes'
VERSION='2.30.4'
WARN_CFLAGS='-Wall -Wmissing-prototypes '
WINDRES=''
X11_CFLAGS=''
X11_LIBS='-lX11'
XGETTEXT='/usr/bin/xgettext'
ac_ct_CC='gcc'
ac_ct_DUMPBIN=''
ac_ct_OBJC='gcc'
am__EXEEXT_FALSE=''
am__EXEEXT_TRUE='#'
am__fastdepCC_FALSE='#'
am__fastdepCC_TRUE=''
am__fastdepOBJC_FALSE='#'
am__fastdepOBJC_TRUE=''
am__include='include'
am__isrc=''
am__leading_dot='.'
am__quote=''
am__tar='${AMTAR} chof - "$$tardir"'
am__untar='${AMTAR} xf -'
bindir='${exec_prefix}/bin'
build='x86_64-unknown-linux-gnu'
build_alias=''
build_cpu='x86_64'
build_os='linux-gnu'
build_vendor='unknown'
datadir='${datarootdir}'
datarootdir='${prefix}/share'
docdir='${datarootdir}/doc/${PACKAGE_TARNAME}'
dvidir='${docdir}'
enable_python='yes'
exec_prefix='${prefix}'
host='x86_64-unknown-linux-gnu'
host_alias=''
host_cpu='x86_64'
host_os='linux-gnu'
host_vendor='unknown'
htmldir='${docdir}'
includedir='${prefix}/include'
infodir='${datarootdir}/info'
install_sh='${SHELL} /home/nagaozen/git/my-os-customizations/home/nagaozen/gedit-2.30.4/install-sh'
libdir='${exec_prefix}/lib'
libexecdir='${exec_prefix}/libexec'
localedir='${datarootdir}/locale'
localstatedir='${prefix}/var'
mandir='${datarootdir}/man'
mkdir_p='/usr/bin/mkdir -p'
oldincludedir='/usr/include'
pdfdir='${docdir}'
pkgpyexecdir='${pyexecdir}/gedit'
pkgpythondir='${pythondir}/gedit'
prefix='/usr/local'
program_transform_name='s,x,x,'
psdir='${docdir}'
pyexecdir='${exec_prefix}/lib/python2.7/site-packages'
pythondir='${prefix}/lib/python2.7/site-packages'
sbindir='${exec_prefix}/sbin'
sharedstatedir='${prefix}/com'
sysconfdir='${prefix}/etc'
target_alias=''

## ----------- ##
## confdefs.h. ##
## ----------- ##

/* confdefs.h */
#define PACKAGE_NAME "gedit"
#define PACKAGE_TARNAME "gedit"
#define PACKAGE_VERSION "2.30.4"
#define PACKAGE_STRING "gedit 2.30.4"
#define PACKAGE_BUGREPORT "http://bugzilla.gnome.org/enter_bug.cgi?product=gedit"
#define PACKAGE_URL "http://projects.gnome.org/gedit/"
#define GEDIT_MAJOR_VERSION 2
#define GEDIT_MINOR_VERSION 30
#define GEDIT_MICRO_VERSION 4
#define PACKAGE "gedit"
#define VERSION "2.30.4"
#define STDC_HEADERS 1
#define HAVE_SYS_TYPES_H 1
#define HAVE_SYS_STAT_H 1
#define HAVE_STDLIB_H 1
#define HAVE_STRING_H 1
#define HAVE_MEMORY_H 1
#define HAVE_STRINGS_H 1
#define HAVE_INTTYPES_H 1
#define HAVE_STDINT_H 1
#define HAVE_UNISTD_H 1
#define HAVE_DLFCN_H 1
#define LT_OBJDIR ".libs/"
#define HAVE_LIBM 1
#define HAVE_LOCALE_H 1
#define HAVE_LC_MESSAGES 1
#define HAVE_BIND_TEXTDOMAIN_CODESET 1
#define HAVE_GETTEXT 1
#define HAVE_DCGETTEXT 1
#define ENABLE_NLS 1
#define GETTEXT_PACKAGE PACKAGE_TARNAME
#define ENABLE_GVFS_METADATA 1
#define ISO_CODES_PREFIX "/usr"
#define HAVE_ISO_CODES 1
#define ENABLE_PYTHON 1

configure: exit 0
